android/build/intermediates/manifest_merge_blame_file/debug/manifest-merger-blame-debug-report.txt
1<?xml version="1.0" encoding="utf-8"?>
2<manifest xmlns:android="http://schemas.android.com/apk/res/android"
3    package="com.mygdx.slimehero"
4    android:versionCode="1"
5    android:versionName="1.0" >
6
7    <uses-sdk
8        android:minSdkVersion="19"
9        android:targetSdkVersion="33" />
10
11    <uses-feature
11-->LibGDX\android\AndroidManifest.xml:7:5-78
12        android:glEsVersion="0x00020000"
12-->LibGDX\android\AndroidManifest.xml:7:19-51
13        android:required="true" />
13-->LibGDX\android\AndroidManifest.xml:7:52-75
14
15    <application
15-->LibGDX\android\AndroidManifest.xml:9:5-29:19
16        android:allowBackup="true"
16-->LibGDX\android\AndroidManifest.xml:10:9-35
17        android:appCategory="game"
17-->LibGDX\android\AndroidManifest.xml:14:9-35
18        android:debuggable="true"
19        android:extractNativeLibs="true"
20        android:fullBackupContent="true"
20-->LibGDX\android\AndroidManifest.xml:11:9-41
21        android:icon="@drawable/ic_launcher"
21-->LibGDX\android\AndroidManifest.xml:12:9-45
22        android:isGame="true"
22-->LibGDX\android\AndroidManifest.xml:13:9-30
23        android:label="@string/app_name"
23-->LibGDX\android\AndroidManifest.xml:15:9-41
24        android:testOnly="true"
25        android:theme="@style/AppTheme" >
25-->LibGDX\android\AndroidManifest.xml:16:9-40
26        <activity
26-->LibGDX\android\AndroidManifest.xml:18:9-28:20
27            android:name="com.mygdx.slimehero.AndroidLauncher"
27-->LibGDX\android\AndroidManifest.xml:19:13-63
28            android:configChanges="keyboard|keyboardHidden|navigation|orientation|screenSize|screenLayout"
28-->LibGDX\android\AndroidManifest.xml:22:13-107
29            android:exported="true"
29-->LibGDX\android\AndroidManifest.xml:23:13-36
30            android:label="@string/app_name"
30-->LibGDX\android\AndroidManifest.xml:20:13-45
31            android:screenOrientation="portrait" >
31-->LibGDX\android\AndroidManifest.xml:21:13-49
32            <intent-filter>
32-->LibGDX\android\AndroidManifest.xml:24:13-27:29
33                <action android:name="android.intent.action.MAIN" />
33-->LibGDX\android\AndroidManifest.xml:25:17-69
33-->LibGDX\android\AndroidManifest.xml:25:25-66
34
35                <category android:name="android.intent.category.LAUNCHER" />
35-->LibGDX\android\AndroidManifest.xml:26:17-77
35-->LibGDX\android\AndroidManifest.xml:26:27-74
36            </intent-filter>
37        </activity>
38    </application>
39
40</manifest>